Using pre-set license
Built from '2020.2/release' branch; Version is '2020.2.4f1 (becced5a802b) revision 12504301'; Using compiler version '192528614'; Build Type 'Release'
OS: 'Windows 10 Home; OS build 19041.867; Version 2004; 64bit' Language: 'en' Physical Memory: 16330 MB
BatchMode: 1, IsHumanControllingUs: 0, StartBugReporterOnCrash: 0, Is64bit: 1, IsPro: 0

 COMMAND LINE ARGUMENTS:
C:\Program Files\Unity\Hub\Editor\2020.2.4f1\Editor\Unity.exe
-adb2
-batchMode
-noUpm
-name
AssetImportWorker0
-projectPath
C:/Users/ulviz/repository/unity projects/Project Boost
-logFile
Logs/AssetImportWorker0.log
-srvPort
8667
Successfully changed project path to: C:/Users/ulviz/repository/unity projects/Project Boost
C:/Users/ulviz/repository/unity projects/Project Boost
Using Asset Import Pipeline V2.
Refreshing native plugins compatible for Editor in 20.33 ms, found 0 plugins.
Preloading 0 native plugins for Editor in 0.00 ms.
Initialize engine version: 2020.2.4f1 (becced5a802b)
[Subsystems] Discovering subsystems at path C:/Program Files/Unity/Hub/Editor/2020.2.4f1/Editor/Data/Resources/UnitySubsystems
[Subsystems] Discovering subsystems at path C:/Users/ulviz/repository/unity projects/Project Boost/Assets
GfxDevice: creating device client; threaded=0
Direct3D:
    Version:  Direct3D 11.0 [level 11.1]
    Renderer: NVIDIA GeForce GTX 1070 (ID=0x1b81)
    Vendor:   
    VRAM:     8088 MB
    Driver:   27.21.14.6079
Initialize mono
Mono path[0] = 'C:/Program Files/Unity/Hub/Editor/2020.2.4f1/Editor/Data/Managed'
Mono path[1] = 'C:/Program Files/Unity/Hub/Editor/2020.2.4f1/Editor/Data/MonoBleedingEdge/lib/mono/unityjit'
Mono config path = 'C:/Program Files/Unity/Hub/Editor/2020.2.4f1/Editor/Data/MonoBleedingEdge/etc'
Using monoOptions --debugger-agent=transport=dt_socket,embedding=1,server=y,suspend=n,address=127.0.0.1:56556
Begin MonoManager ReloadAssembly
Registering precompiled unity dll's ...
Register platform support module: C:/Program Files/Unity/Hub/Editor/2020.2.4f1/Editor/Data/PlaybackEngines/WebGLSupport/UnityEditor.WebGL.Extensions.dll
Register platform support module: C:/Program Files/Unity/Hub/Editor/2020.2.4f1/Editor/Data/PlaybackEngines/WindowsStandaloneSupport/UnityEditor.WindowsStandalone.Extensions.dll
Registered in 0.002237 seconds.
Native extension for WindowsStandalone target not found
Native extension for WebGL target not found
Refreshing native plugins compatible for Editor in 20.84 ms, found 0 plugins.
Preloading 0 native plugins for Editor in 0.00 ms.
Invoked RoslynAnalysisRunner static constructor.
RoslynAnalysisRunner will not be running.
RoslynAnalysisRunner has terminated.
Mono: successfully reloaded assembly
- Completed reload, in  1.070 seconds
Platform modules already initialized, skipping
Registering precompiled user dll's ...
Registered in 0.000740 seconds.
Begin MonoManager ReloadAssembly
Native extension for WindowsStandalone target not found
Native extension for WebGL target not found
Refreshing native plugins compatible for Editor in 0.18 ms, found 0 plugins.
Preloading 0 native plugins for Editor in 0.00 ms.
Invoked RoslynAnalysisRunner static constructor.
RoslynAnalysisRunner will not be running.
RoslynAnalysisRunner has terminated.
Mono: successfully reloaded assembly
- Completed reload, in  0.760 seconds
Platform modules already initialized, skipping
========================================================================
Worker process is ready to serve import requests
Launched and connected shader compiler UnityShaderCompiler.exe after 0.04 seconds
Refreshing native plugins compatible for Editor in 0.18 ms, found 0 plugins.
Preloading 0 native plugins for Editor in 0.00 ms.
Unloading 1108 Unused Serialized files (Serialized files now loaded: 0)
System memory in use before: 57.0 MB.
System memory in use after: 57.1 MB.

Unloading 10 unused Assets to reduce memory usage. Loaded Objects now: 1549.
Total: 2.268000 ms (FindLiveObjects: 0.131400 ms CreateObjectMapping: 0.035700 ms MarkObjects: 1.983100 ms  DeleteObjects: 0.116500 ms)

========================================================================
Received Import Request.
  path: Assets/Scenes/SampleScene 1.unity
  artifactKey: Guid(2f641c724999df24082135c48f5ea54e) Importer(815301076,1909f56bfc062723c751e8b465ee728b)
Start importing Assets/Scenes/SampleScene 1.unity using Guid(2f641c724999df24082135c48f5ea54e) Importer(815301076,1909f56bfc062723c751e8b465ee728b)  -> (artifact id: 'f06bf15732954d97310d2337138e6fdd') in 0.017014 seconds
  Import took 0.019486 seconds .

========================================================================
Received Prepare
Refreshing native plugins compatible for Editor in 0.66 ms, found 0 plugins.
Preloading 0 native plugins for Editor in 0.00 ms.
Unloading 3 Unused Serialized files (Serialized files now loaded: 0)
System memory in use before: 35.0 MB.
System memory in use after: 35.1 MB.

Unloading 3 unused Assets to reduce memory usage. Loaded Objects now: 1549.
Total: 2.330600 ms (FindLiveObjects: 0.139400 ms CreateObjectMapping: 0.032100 ms MarkObjects: 2.097900 ms  DeleteObjects: 0.059600 ms)

========================================================================
Received Prepare
Registering precompiled user dll's ...
Registered in 0.000968 seconds.
Begin MonoManager ReloadAssembly
Native extension for WindowsStandalone target not found
Native extension for WebGL target not found
Refreshing native plugins compatible for Editor in 0.18 ms, found 0 plugins.
Preloading 0 native plugins for Editor in 0.00 ms.
Invoked RoslynAnalysisRunner static constructor.
RoslynAnalysisRunner will not be running.
RoslynAnalysisRunner has terminated.
Mono: successfully reloaded assembly
- Completed reload, in  0.750 seconds
Platform modules already initialized, skipping
Refreshing native plugins compatible for Editor in 0.28 ms, found 0 plugins.
Preloading 0 native plugins for Editor in 0.00 ms.
Unloading 1103 Unused Serialized files (Serialized files now loaded: 0)
System memory in use before: 57.0 MB.
System memory in use after: 57.1 MB.

Unloading 5 unused Assets to reduce memory usage. Loaded Objects now: 1551.
Total: 2.874700 ms (FindLiveObjects: 0.287800 ms CreateObjectMapping: 0.110300 ms MarkObjects: 2.415700 ms  DeleteObjects: 0.059300 ms)

========================================================================
Received Prepare
Registering precompiled user dll's ...
Registered in 0.000724 seconds.
Begin MonoManager ReloadAssembly
Native extension for WindowsStandalone target not found
Native extension for WebGL target not found
Refreshing native plugins compatible for Editor in 0.18 ms, found 0 plugins.
Preloading 0 native plugins for Editor in 0.00 ms.
Invoked RoslynAnalysisRunner static constructor.
RoslynAnalysisRunner will not be running.
RoslynAnalysisRunner has terminated.
Mono: successfully reloaded assembly
- Completed reload, in  0.673 seconds
Platform modules already initialized, skipping
Refreshing native plugins compatible for Editor in 0.19 ms, found 0 plugins.
Preloading 0 native plugins for Editor in 0.00 ms.
Unloading 1103 Unused Serialized files (Serialized files now loaded: 0)
System memory in use before: 57.0 MB.
System memory in use after: 57.1 MB.

Unloading 5 unused Assets to reduce memory usage. Loaded Objects now: 1553.
Total: 1.877000 ms (FindLiveObjects: 0.158900 ms CreateObjectMapping: 0.031700 ms MarkObjects: 1.604100 ms  DeleteObjects: 0.081100 ms)

========================================================================
Received Prepare
Registering precompiled user dll's ...
Registered in 0.000806 seconds.
Begin MonoManager ReloadAssembly
Native extension for WindowsStandalone target not found
Native extension for WebGL target not found
Refreshing native plugins compatible for Editor in 0.18 ms, found 0 plugins.
Preloading 0 native plugins for Editor in 0.00 ms.
Invoked RoslynAnalysisRunner static constructor.
RoslynAnalysisRunner will not be running.
RoslynAnalysisRunner has terminated.
Mono: successfully reloaded assembly
- Completed reload, in  0.670 seconds
Platform modules already initialized, skipping
Refreshing native plugins compatible for Editor in 0.18 ms, found 0 plugins.
Preloading 0 native plugins for Editor in 0.00 ms.
Unloading 1103 Unused Serialized files (Serialized files now loaded: 0)
System memory in use before: 57.0 MB.
System memory in use after: 57.1 MB.

Unloading 5 unused Assets to reduce memory usage. Loaded Objects now: 1555.
Total: 2.518900 ms (FindLiveObjects: 0.199700 ms CreateObjectMapping: 0.066200 ms MarkObjects: 2.165200 ms  DeleteObjects: 0.086000 ms)

========================================================================
Received Import Request.
  Time since last request: 921.744423 seconds.
  path: Assets/Scenes/level 4.unity
  artifactKey: Guid(f705342a71bf206448e23738081a90cf) Importer(815301076,1909f56bfc062723c751e8b465ee728b)
Start importing Assets/Scenes/level 4.unity using Guid(f705342a71bf206448e23738081a90cf) Importer(815301076,1909f56bfc062723c751e8b465ee728b)  -> (artifact id: '9d8883e2bef2909d9851d047770b1780') in 0.014400 seconds
  Import took 0.017160 seconds .

========================================================================
Received Import Request.
  Time since last request: 64.607483 seconds.
  path: Assets/Scenes/level 1.unity
  artifactKey: Guid(6cb79090891dcb44db980163afffb1a0) Importer(815301076,1909f56bfc062723c751e8b465ee728b)
Start importing Assets/Scenes/level 1.unity using Guid(6cb79090891dcb44db980163afffb1a0) Importer(815301076,1909f56bfc062723c751e8b465ee728b)  -> (artifact id: '4c099bee9b11df2ba5b8ba269c8d7456') in 0.007931 seconds
  Import took 0.009995 seconds .

========================================================================
Received Import Request.
  Time since last request: 0.005258 seconds.
  path: Assets/Scenes/level 1.unity
  artifactKey: Guid(6cb79090891dcb44db980163afffb1a0) Importer(815301076,1909f56bfc062723c751e8b465ee728b)
Start importing Assets/Scenes/level 1.unity using Guid(6cb79090891dcb44db980163afffb1a0) Importer(815301076,1909f56bfc062723c751e8b465ee728b)  -> (artifact id: '4c099bee9b11df2ba5b8ba269c8d7456') in 0.003585 seconds
  Import took 0.005495 seconds .

========================================================================
Received Import Request.
  Time since last request: 0.531908 seconds.
  path: Assets/Scenes/SampleScene 1.unity
  artifactKey: Guid(2f641c724999df24082135c48f5ea54e) Importer(815301076,1909f56bfc062723c751e8b465ee728b)
Start importing Assets/Scenes/SampleScene 1.unity using Guid(2f641c724999df24082135c48f5ea54e) Importer(815301076,1909f56bfc062723c751e8b465ee728b)  -> (artifact id: 'f73d562abae827b593fd4b1f0895d757') in 0.002943 seconds
  Import took 0.006707 seconds .

========================================================================
Received Prepare
Registering precompiled user dll's ...
Registered in 0.000617 seconds.
Begin MonoManager ReloadAssembly
Native extension for WindowsStandalone target not found
Native extension for WebGL target not found
Refreshing native plugins compatible for Editor in 0.21 ms, found 0 plugins.
Preloading 0 native plugins for Editor in 0.00 ms.
Invoked RoslynAnalysisRunner static constructor.
RoslynAnalysisRunner will not be running.
RoslynAnalysisRunner has terminated.
Mono: successfully reloaded assembly
- Completed reload, in  0.675 seconds
Platform modules already initialized, skipping
Refreshing native plugins compatible for Editor in 0.19 ms, found 0 plugins.
Preloading 0 native plugins for Editor in 0.00 ms.
Unloading 1103 Unused Serialized files (Serialized files now loaded: 0)
System memory in use before: 57.1 MB.
System memory in use after: 57.2 MB.

Unloading 5 unused Assets to reduce memory usage. Loaded Objects now: 1557.
Total: 1.633700 ms (FindLiveObjects: 0.172500 ms CreateObjectMapping: 0.047500 ms MarkObjects: 1.360600 ms  DeleteObjects: 0.051500 ms)

========================================================================
Received Import Request.
  Time since last request: 11.872635 seconds.
  path: Assets/Scenes/level 3.unity
  artifactKey: Guid(9fc0d4010bbf28b4594072e72b8655ab) Importer(815301076,1909f56bfc062723c751e8b465ee728b)
Start importing Assets/Scenes/level 3.unity using Guid(9fc0d4010bbf28b4594072e72b8655ab) Importer(815301076,1909f56bfc062723c751e8b465ee728b)  -> (artifact id: '7506e65c1f4b9cdaa5a993338eab6fbe') in 0.015671 seconds
  Import took 0.017590 seconds .

========================================================================
Received Import Request.
  Time since last request: 2.570282 seconds.
  path: Assets/Scenes/level 2.unity
  artifactKey: Guid(01463f84afbfb3d43b4495b35446bf42) Importer(815301076,1909f56bfc062723c751e8b465ee728b)
Start importing Assets/Scenes/level 2.unity using Guid(01463f84afbfb3d43b4495b35446bf42) Importer(815301076,1909f56bfc062723c751e8b465ee728b)  -> (artifact id: '75638d3e394214301bb00449359df23b') in 0.007725 seconds
  Import took 0.010465 seconds .

========================================================================
Received Prepare
Registering precompiled user dll's ...
Registered in 0.000701 seconds.
Begin MonoManager ReloadAssembly
Native extension for WindowsStandalone target not found
Native extension for WebGL target not found
Refreshing native plugins compatible for Editor in 0.19 ms, found 0 plugins.
Preloading 0 native plugins for Editor in 0.00 ms.
Invoked RoslynAnalysisRunner static constructor.
RoslynAnalysisRunner will not be running.
RoslynAnalysisRunner has terminated.
Mono: successfully reloaded assembly
- Completed reload, in  0.650 seconds
Platform modules already initialized, skipping
Refreshing native plugins compatible for Editor in 0.18 ms, found 0 plugins.
Preloading 0 native plugins for Editor in 0.00 ms.
Unloading 1103 Unused Serialized files (Serialized files now loaded: 0)
System memory in use before: 57.1 MB.
System memory in use after: 57.2 MB.

Unloading 5 unused Assets to reduce memory usage. Loaded Objects now: 1559.
Total: 1.820700 ms (FindLiveObjects: 0.184200 ms CreateObjectMapping: 0.044700 ms MarkObjects: 1.536400 ms  DeleteObjects: 0.053800 ms)

========================================================================
Received Import Request.
  Time since last request: 123.768760 seconds.
  path: Assets/Scenes/level 2.unity
  artifactKey: Guid(01463f84afbfb3d43b4495b35446bf42) Importer(815301076,1909f56bfc062723c751e8b465ee728b)
Start importing Assets/Scenes/level 2.unity using Guid(01463f84afbfb3d43b4495b35446bf42) Importer(815301076,1909f56bfc062723c751e8b465ee728b)  -> (artifact id: '5cde46034dad8e146f7c2d6228df76b7') in 0.011794 seconds
  Import took 0.015689 seconds .

========================================================================
Received Import Request.
  Time since last request: 0.984830 seconds.
  path: Assets/Scenes/level 4.unity
  artifactKey: Guid(f705342a71bf206448e23738081a90cf) Importer(815301076,1909f56bfc062723c751e8b465ee728b)
Start importing Assets/Scenes/level 4.unity using Guid(f705342a71bf206448e23738081a90cf) Importer(815301076,1909f56bfc062723c751e8b465ee728b)  -> (artifact id: '7d973ac514f5c8f3efc0f1ad38c6d568') in 0.002759 seconds
  Import took 0.005375 seconds .

========================================================================
Received Import Request.
  Time since last request: 1.197082 seconds.
  path: Assets/Scenes/SampleScene 1.unity
  artifactKey: Guid(2f641c724999df24082135c48f5ea54e) Importer(815301076,1909f56bfc062723c751e8b465ee728b)
Start importing Assets/Scenes/SampleScene 1.unity using Guid(2f641c724999df24082135c48f5ea54e) Importer(815301076,1909f56bfc062723c751e8b465ee728b)  -> (artifact id: 'dfe3d1ba9d98966a3481270e5cfe1c53') in 0.002648 seconds
  Import took 0.005685 seconds .

========================================================================
Received Prepare
Registering precompiled user dll's ...
Registered in 0.000656 seconds.
Begin MonoManager ReloadAssembly
Native extension for WindowsStandalone target not found
Native extension for WebGL target not found
Refreshing native plugins compatible for Editor in 0.18 ms, found 0 plugins.
Preloading 0 native plugins for Editor in 0.00 ms.
Invoked RoslynAnalysisRunner static constructor.
RoslynAnalysisRunner will not be running.
RoslynAnalysisRunner has terminated.
Mono: successfully reloaded assembly
- Completed reload, in  0.674 seconds
Platform modules already initialized, skipping
Refreshing native plugins compatible for Editor in 0.31 ms, found 0 plugins.
Preloading 0 native plugins for Editor in 0.00 ms.
Unloading 1103 Unused Serialized files (Serialized files now loaded: 0)
System memory in use before: 57.1 MB.
System memory in use after: 57.2 MB.

Unloading 5 unused Assets to reduce memory usage. Loaded Objects now: 1561.
Total: 1.813800 ms (FindLiveObjects: 0.183300 ms CreateObjectMapping: 0.035600 ms MarkObjects: 1.494000 ms  DeleteObjects: 0.099100 ms)

========================================================================
Received Import Request.
  Time since last request: 262.802652 seconds.
  path: Assets/Scenes/level 1.unity
  artifactKey: Guid(6cb79090891dcb44db980163afffb1a0) Importer(815301076,1909f56bfc062723c751e8b465ee728b)
Start importing Assets/Scenes/level 1.unity using Guid(6cb79090891dcb44db980163afffb1a0) Importer(815301076,1909f56bfc062723c751e8b465ee728b)  -> (artifact id: '21c32513e7197c7b2ef18f78a8e845a1') in 0.013984 seconds
  Import took 0.016105 seconds .

AssetImportWorkerClient::OnTransportError - code=2 error=End of file
